[ 2016-12-28T13:14:18+08:00 ] ::1 /YC/myPhp/thinkphp/thinkphp_3.2.3_full/
INFO: [ app_init ] --START--
INFO: Run Behavior\BuildLiteBehavior [ RunTime:0.000018s ]
INFO: [ app_init ] --END-- [ RunTime:0.000106s ]
INFO: [ app_begin ] --START--
INFO: Run Behavior\ReadHtmlCacheBehavior [ RunTime:0.005377s ]
INFO: [ app_begin ] --END-- [ RunTime:0.005484s ]
INFO: [ view_parse ] --START--
INFO: [ template_filter ] --START--
INFO: Run Behavior\ContentReplaceBehavior [ RunTime:0.000050s ]
INFO: [ template_filter ] --END-- [ RunTime:0.000137s ]
INFO: Run Behavior\ParseTemplateBehavior [ RunTime:0.023158s ]
INFO: [ view_parse ] --END-- [ RunTime:0.023242s ]
INFO: [ view_filter ] --START--
INFO: Run Behavior\WriteHtmlCacheBehavior [ RunTime:0.004867s ]
INFO: [ view_filter ] --END-- [ RunTime:0.004942s ]
INFO: [ app_end ] --START--
INFO: Run Behavior\ShowPageTraceBehavior [ RunTime:0.005053s ]
INFO: [ app_end ] --END-- [ RunTime:0.005127s ]

[ 2016-12-28T13:15:56+08:00 ] ::1 /YC/myPhp/thinkphp/thinkphp_3.2.3_full/
INFO: [ app_init ] --START--
INFO: Run Behavior\BuildLiteBehavior [ RunTime:0.000018s ]
INFO: [ app_init ] --END-- [ RunTime:0.001308s ]
INFO: [ app_begin ] --START--
INFO: Run Behavior\ReadHtmlCacheBehavior [ RunTime:0.002687s ]
INFO: [ app_begin ] --END-- [ RunTime:0.002871s ]
INFO: [ view_parse ] --START--
INFO: Run Behavior\ParseTemplateBehavior [ RunTime:0.002062s ]
INFO: [ view_parse ] --END-- [ RunTime:0.002142s ]
INFO: [ view_filter ] --START--
INFO: Run Behavior\WriteHtmlCacheBehavior [ RunTime:0.002496s ]
INFO: [ view_filter ] --END-- [ RunTime:0.002566s ]
INFO: [ app_end ] --START--
INFO: Run Behavior\ShowPageTraceBehavior [ RunTime:0.002499s ]
INFO: [ app_end ] --END-- [ RunTime:0.002579s ]

[ 2016-12-28T13:15:57+08:00 ] ::1 /YC/myPhp/thinkphp/thinkphp_3.2.3_full/
INFO: [ app_init ] --START--
INFO: Run Behavior\BuildLiteBehavior [ RunTime:0.000019s ]
INFO: [ app_init ] --END-- [ RunTime:0.001395s ]
INFO: [ app_begin ] --START--
INFO: Run Behavior\ReadHtmlCacheBehavior [ RunTime:0.002679s ]
INFO: [ app_begin ] --END-- [ RunTime:0.002772s ]
INFO: [ view_parse ] --START--
INFO: Run Behavior\ParseTemplateBehavior [ RunTime:0.002200s ]
INFO: [ view_parse ] --END-- [ RunTime:0.002281s ]
INFO: [ view_filter ] --START--
INFO: Run Behavior\WriteHtmlCacheBehavior [ RunTime:0.002443s ]
INFO: [ view_filter ] --END-- [ RunTime:0.002514s ]
INFO: [ app_end ] --START--
INFO: Run Behavior\ShowPageTraceBehavior [ RunTime:0.002601s ]
INFO: [ app_end ] --END-- [ RunTime:0.002670s ]

